<?xml version="1.0" encoding="UTF-8"?>
<testng-results ignored="0" total="2" passed="2" failed="0" skipped="0">
  <reporter-output>
  </reporter-output>
  <suite started-at="2025-04-17T08:39:22 IST" name="Data Driven Basics" finished-at="2025-04-17T08:40:01 IST" duration-ms="39350">
    <groups>
    </groups>
    <test started-at="2025-04-17T08:39:22 IST" name="LoginTest" finished-at="2025-04-17T08:40:01 IST" duration-ms="39350">
      <class name="com.w2a.testcases.TestCases">
        <test-method is-config="true" signature="setUp()[pri:0, instance:com.w2a.testcases.TestCases@1700915]" started-at="2025-04-17T08:39:22 IST" name="setUp" finished-at="2025-04-17T08:39:32 IST" duration-ms="10052" status="PASS">
          <reporter-output>
          </reporter-output>
        </test-method> <!-- setUp -->
        <test-method signature="LoginAsBankManager()[pri:0, instance:com.w2a.testcases.TestCases@1700915]" started-at="2025-04-17T08:39:32 IST" name="LoginAsBankManager" finished-at="2025-04-17T08:39:42 IST" duration-ms="9929" status="PASS">
          <reporter-output>
          </reporter-output>
        </test-method> <!-- LoginAsBankManager -->
        <test-method is-config="true" signature="tearDown()[pri:0, instance:com.w2a.testcases.TestCases@1700915]" started-at="2025-04-17T08:39:42 IST" name="tearDown" finished-at="2025-04-17T08:39:43 IST" duration-ms="719" status="PASS">
          <reporter-output>
          </reporter-output>
        </test-method> <!-- tearDown -->
        <test-method is-config="true" signature="setUp()[pri:0, instance:com.w2a.testcases.TestCases@1700915]" started-at="2025-04-17T08:39:43 IST" name="setUp" finished-at="2025-04-17T08:39:55 IST" duration-ms="11993" status="PASS">
          <reporter-output>
          </reporter-output>
        </test-method> <!-- setUp -->
        <test-method signature="EnterAddCustomerDetails()[pri:1, instance:com.w2a.testcases.TestCases@1700915]" started-at="2025-04-17T08:39:55 IST" name="EnterAddCustomerDetails" finished-at="2025-04-17T08:40:01 IST" duration-ms="5864" status="PASS">
          <reporter-output>
          </reporter-output>
        </test-method> <!-- EnterAddCustomerDetails -->
        <test-method is-config="true" signature="tearDown()[pri:0, instance:com.w2a.testcases.TestCases@1700915]" started-at="2025-04-17T08:40:01 IST" name="tearDown" finished-at="2025-04-17T08:40:01 IST" duration-ms="740" status="PASS">
          <reporter-output>
          </reporter-output>
        </test-method> <!-- tearDown -->
      </class> <!-- com.w2a.testcases.TestCases -->
    </test> <!-- LoginTest -->
  </suite> <!-- Data Driven Basics -->
</testng-results>
